2024-10-02 01:20:19.942 | INFO     | __main__:main:49 - Setting seed: 42
2024-10-02 01:20:19.942 | INFO     | __main__:main:53 - Instantiating datamodule <src.datamodules.catdog_datamodule.CatDogImageDataModule>
2024-10-02 01:20:20.065 | INFO     | __main__:main:58 - Instantiating model <src.models.timm_classifier.TimmClassifier>
[2024-10-02 01:20:20,576][timm.models._builder][INFO] - Loading pretrained weights from Hugging Face hub (timm/resnet18.a1_in1k)
[2024-10-02 01:20:20,740][timm.models._hub][INFO] - [timm/resnet18.a1_in1k] Safe alternative available for 'pytorch_model.bin' (as 'model.safetensors'). Loading weights using safetensors.
[2024-10-02 01:20:20,752][timm.models._builder][INFO] - Missing keys (fc.weight, fc.bias) discovered while loading pretrained weights. This is expected if model is being adapted.
2024-10-02 01:20:20.756 | INFO     | __main__:instantiate_callbacks:28 - Instantiating callback <pytorch_lightning.callbacks.ModelCheckpoint>
2024-10-02 01:20:20.759 | INFO     | __main__:instantiate_callbacks:28 - Instantiating callback <pytorch_lightning.callbacks.EarlyStopping>
2024-10-02 01:20:20.761 | INFO     | __main__:instantiate_callbacks:28 - Instantiating callback <pytorch_lightning.callbacks.ModelSummary>
2024-10-02 01:20:20.761 | INFO     | __main__:instantiate_callbacks:28 - Instantiating callback <pytorch_lightning.callbacks.RichProgressBar>
2024-10-02 01:20:20.763 | INFO     | __main__:instantiate_loggers:37 - Instantiating logger <lightning.pytorch.loggers.csv_logs.CSVLogger>
2024-10-02 01:20:20.765 | INFO     | __main__:instantiate_loggers:37 - Instantiating logger <lightning.pytorch.loggers.tensorboard.TensorBoardLogger>
2024-10-02 01:20:20.767 | INFO     | __main__:main:69 - Instantiating trainer <pytorch_lightning.Trainer>
[2024-10-02 01:20:20,773][lightning.pytorch.utilities.rank_zero][INFO] - Using bfloat16 Automatic Mixed Precision (AMP)
[2024-10-02 01:20:20,773][lightning.pytorch.utilities.rank_zero][INFO] - Trainer already configured with model summary callbacks: [<class 'pytorch_lightning.callbacks.model_summary.ModelSummary'>]. Skipping setting a default `ModelSummary` callback.
[2024-10-02 01:20:20,781][lightning.pytorch.utilities.rank_zero][INFO] - GPU available: False, used: False
[2024-10-02 01:20:20,781][lightning.pytorch.utilities.rank_zero][INFO] - TPU available: False, using: 0 TPU cores
[2024-10-02 01:20:20,781][lightning.pytorch.utilities.rank_zero][INFO] - HPU available: False, using: 0 HPUs
[2024-10-02 01:20:20,781][lightning.pytorch.utilities.rank_zero][INFO] - `Trainer(val_check_interval=1.0)` was configured so validation will run at the end of the training epoch..
2024-10-02 01:20:20.782 | INFO     | __main__:main:76 - Starting training!
