2024-10-02 03:48:38.344 | INFO     | __main__:main:49 - Setting seed: 42
2024-10-02 03:48:38.345 | INFO     | __main__:main:53 - Instantiating datamodule <src.datamodules.catdog_datamodule.CatDogImageDataModule>
2024-10-02 03:48:38.348 | INFO     | __main__:main:58 - Instantiating model <src.models.timm_classifier.TimmClassifier>
[2024-10-02 03:48:39,149][timm.models._builder][INFO] - Loading pretrained weights from Hugging Face hub (timm/resnet18.a1_in1k)
[2024-10-02 03:48:39,683][timm.models._hub][INFO] - [timm/resnet18.a1_in1k] Safe alternative available for 'pytorch_model.bin' (as 'model.safetensors'). Loading weights using safetensors.
[2024-10-02 03:48:39,728][timm.models._builder][INFO] - Missing keys (fc.weight, fc.bias) discovered while loading pretrained weights. This is expected if model is being adapted.
2024-10-02 03:48:39.732 | INFO     | __main__:instantiate_callbacks:28 - Instantiating callback <pytorch_lightning.callbacks.ModelCheckpoint>
2024-10-02 03:48:39.736 | INFO     | __main__:instantiate_callbacks:28 - Instantiating callback <pytorch_lightning.callbacks.EarlyStopping>
2024-10-02 03:48:39.737 | INFO     | __main__:instantiate_callbacks:28 - Instantiating callback <pytorch_lightning.callbacks.ModelSummary>
2024-10-02 03:48:39.738 | INFO     | __main__:instantiate_loggers:37 - Instantiating logger <lightning.pytorch.loggers.csv_logs.CSVLogger>
2024-10-02 03:48:39.934 | INFO     | __main__:instantiate_loggers:37 - Instantiating logger <lightning.pytorch.loggers.tensorboard.TensorBoardLogger>
2024-10-02 03:48:39.937 | INFO     | __main__:main:69 - Instantiating trainer <pytorch_lightning.Trainer>
[2024-10-02 03:48:39,944][lightning.pytorch.utilities.rank_zero][INFO] - Using bfloat16 Automatic Mixed Precision (AMP)
[2024-10-02 03:48:39,944][lightning.pytorch.utilities.rank_zero][INFO] - Trainer already configured with model summary callbacks: [<class 'pytorch_lightning.callbacks.model_summary.ModelSummary'>]. Skipping setting a default `ModelSummary` callback.
[2024-10-02 03:48:39,951][lightning.pytorch.utilities.rank_zero][INFO] - GPU available: False, used: False
[2024-10-02 03:48:39,952][lightning.pytorch.utilities.rank_zero][INFO] - TPU available: False, using: 0 TPU cores
[2024-10-02 03:48:39,952][lightning.pytorch.utilities.rank_zero][INFO] - HPU available: False, using: 0 HPUs
2024-10-02 03:48:39.952 | INFO     | __main__:main:76 - Starting training!
[2024-10-02 03:50:22,811][lightning.pytorch.utilities.rank_zero][INFO] - 
Detected KeyboardInterrupt, attempting graceful shutdown ...
